9月 29, 2024 10:30:05 下午 org.example.Main main
資訊: 這是一條 INFO 等級的日誌訊息
9月 29, 2024 10:34:43 下午 org.example.Main main
資訊: 這是一條 INFO 等級的日誌訊息
9月 29, 2024 10:35:24 下午 org.example.Main main
資訊: 這是一條 INFO 等級的日誌訊息
9月 30, 2024 11:19:41 下午 org.example.RegularSort main
INFO: 嘗試開啟檔案: MLB_2024_regular.txt
9月 30, 2024 11:20:09 下午 org.example.RegularSort main
INFO: 嘗試開啟檔案: MLB_2024_regular.txt
9月 30, 2024 11:23:47 下午 org.example.RegularSort main
INFO: 嘗試開啟檔案: MLB_2024_regular.txt
9月 30, 2024 11:24:01 下午 org.example.RegularSort main
INFO: 嘗試開啟檔案: MLB_2024_regular.txt
9月 30, 2024 11:24:19 下午 org.example.RegularSort main
INFO: 嘗試開啟檔案: MLB_2024_regular.txt
9月 30, 2024 11:26:32 下午 org.example.RegularSort main
INFO: 嘗試開啟檔案: MLB_2024_regular.txt
9月 30, 2024 11:28:10 下午 org.example.RegularSort main
INFO: 嘗試開啟檔案: MLB_2024_regular.txt
9月 30, 2024 11:30:09 下午 org.example.RegularSort main
INFO: 嘗試開啟檔案: MLB_2024_regular.txt
10月 01, 2024 9:16:04 下午 org.example.RegularSort main
SEVERE: 發生找不到檔案: MLB_2024_regula.txt (系統找不到指定的檔案。)
10月 01, 2024 11:42:24 下午 org.example.RegularSort main
INFO: 嘗試開啟檔案: MLB_2024_regular.txt
10月 01, 2024 11:42:24 下午 org.example.RegularSort main
INFO: 程式執行結束
10月 01, 2024 11:46:03 下午 org.example.RegularSort main
INFO: 嘗試開啟檔案: MLB_2024_regular.txt
10月 01, 2024 11:46:03 下午 org.example.RegularSort main
INFO: 程式執行結束
10月 01, 2024 11:47:24 下午 org.example.RegularSort main
INFO: 嘗試開啟檔案: MLB_2024_regular.txt
10月 01, 2024 11:50:46 下午 org.example.RegularSort main
INFO: 嘗試開啟檔案: MLB_2024_regular.txt
10月 01, 2024 11:50:46 下午 org.example.RegularSort processTeams
SEVERE: 發生處理數字格式錯誤: For input string: ".574"
10月 01, 2024 11:53:05 下午 org.example.RegularSort main
INFO: 嘗試開啟檔案: MLB_2024_regular.txt
10月 01, 2024 11:53:05 下午 org.example.RegularSort main
INFO: 程式正確執行結束
10月 02, 2024 12:32:10 上午 org.example.RegularSort main
INFO: 嘗試開啟檔案: MLB_2024_regular.txt
10月 02, 2024 12:32:10 上午 org.example.RegularSort processTeams
SEVERE: 發生處理數字格式錯誤: For input string: ".574"
10月 02, 2024 12:35:40 上午 org.example.RegularSort main
INFO: 嘗試開啟檔案: MLB_2024_regular.txt
